<?xml version="1.0" encoding="UTF-8"?>
<!-- Generated by org.testng.reporters.JUnitXMLReporter -->
<testsuite ignored="0" hostname="LAPTOP-KAR4A207" failures="1" tests="1" name="Chrome Browser Testing" time="13.088" errors="0" timestamp="2025-04-06T20:11:03 IST">
  <testcase classname="testCases.TC003_LoginDataDrivenTest" name="loginData" time="2.769">
    <failure type="org.testng.internal.reflect.MethodMatcherException" message="
[public void testCases.TC003_LoginDataDrivenTest.loginData(java.lang.String,java.lang.String)] has no parameters defined but was found to be using a data provider (either explicitly specified or inherited from class level annotation).
Data provider mismatch
Method: loginData([java.lang.String arg0, java.lang.String arg1])
Arguments: [(java.lang.String) pavanoltraining@gmail.com,(java.lang.String) test@123,(java.lang.String) Valid]">
      <![CDATA[org.testng.internal.reflect.MethodMatcherException: 
[public void testCases.TC003_LoginDataDrivenTest.loginData(java.lang.String,java.lang.String)] has no parameters defined but was found to be using a data provider (either explicitly specified or inherited from class level annotation).
Data provider mismatch
Method: loginData([java.lang.String arg0, java.lang.String arg1])
Arguments: [(java.lang.String) pavanoltraining@gmail.com,(java.lang.String) test@123,(java.lang.String) Valid]
at java.base/java.util.ArrayList.forEach(ArrayList.java:1511)
... Removed 22 stack frames]]>
    </failure>
  </testcase> <!-- loginData -->
</testsuite> <!-- Chrome Browser Testing -->
