<?xml version="1.0" encoding="UTF-8"?>
<testng-results ignored="0" total="7" passed="6" failed="1" skipped="0">
  <reporter-output>
  </reporter-output>
  <suite started-at="2025-04-09T13:22:43 IST" name="Master Suite Files" finished-at="2025-04-09T13:23:52 IST" duration-ms="69375">
    <groups>
      <group name="Master">
        <method signature="TC002_LoginPageTest.verify_account_registration()[pri:0, instance:testCases.TC002_LoginPageTest@60cf80e7]" name="verify_account_registration" class="testCases.TC002_LoginPageTest"/>
        <method signature="TC001_AccountRegistrationTest.verify_account_registration()[pri:1, instance:testCases.TC001_AccountRegistrationTest@6063d80a]" name="verify_account_registration" class="testCases.TC001_AccountRegistrationTest"/>
      </group> <!-- Master -->
      <group name="Sanity">
        <method signature="TC002_LoginPageTest.verify_account_registration()[pri:0, instance:testCases.TC002_LoginPageTest@60cf80e7]" name="verify_account_registration" class="testCases.TC002_LoginPageTest"/>
        <method signature="TC003_LoginDataDrivenTest.loginData(java.lang.String,java.lang.String,java.lang.String)[pri:0, instance:testCases.TC003_LoginDataDrivenTest@302fec27]" name="loginData" class="testCases.TC003_LoginDataDrivenTest"/>
      </group> <!-- Sanity -->
      <group name="DataDriven">
        <method signature="TC003_LoginDataDrivenTest.loginData(java.lang.String,java.lang.String,java.lang.String)[pri:0, instance:testCases.TC003_LoginDataDrivenTest@302fec27]" name="loginData" class="testCases.TC003_LoginDataDrivenTest"/>
      </group> <!-- DataDriven -->
      <group name="Regression">
        <method signature="TC003_LoginDataDrivenTest.loginData(java.lang.String,java.lang.String,java.lang.String)[pri:0, instance:testCases.TC003_LoginDataDrivenTest@302fec27]" name="loginData" class="testCases.TC003_LoginDataDrivenTest"/>
        <method signature="TC001_AccountRegistrationTest.verify_account_registration()[pri:1, instance:testCases.TC001_AccountRegistrationTest@6063d80a]" name="verify_account_registration" class="testCases.TC001_AccountRegistrationTest"/>
      </group> <!-- Regression -->
    </groups>
    <test started-at="2025-04-09T13:22:43 IST" name="Chrome Browser Testing" finished-at="2025-04-09T13:23:52 IST" duration-ms="69375">
      <class name="testCases.TC003_LoginDataDrivenTest">
        <test-method is-config="true" signature="setup(java.lang.String,java.lang.String)[pri:0, instance:testCases.TC003_LoginDataDrivenTest@302fec27]" started-at="2025-04-09T13:23:10 IST" name="setup" finished-at="2025-04-09T13:23:15 IST" duration-ms="4470" status="PASS">
          <params>
            <param index="0">
              <value>
                <![CDATA[chrome]]>
              </value>
            </param>
            <param index="1">
              <value>
                <![CDATA[windows]]>
              </value>
            </param>
          </params>
          <reporter-output>
          </reporter-output>
        </test-method> <!-- setup -->
        <test-method signature="loginData(java.lang.String,java.lang.String,java.lang.String)[pri:0, instance:testCases.TC003_LoginDataDrivenTest@302fec27]" started-at="2025-04-09T13:23:17 IST" name="loginData" data-provider="LoginData" finished-at="2025-04-09T13:23:22 IST" duration-ms="5343" status="PASS">
          <params>
            <param index="0">
              <value>
                <![CDATA[santhosh180218@gmail.com]]>
              </value>
            </param>
            <param index="1">
              <value>
                <![CDATA[april2025]]>
              </value>
            </param>
            <param index="2">
              <value>
                <![CDATA[Valid]]>
              </value>
            </param>
          </params>
          <reporter-output>
          </reporter-output>
        </test-method> <!-- loginData -->
        <test-method signature="loginData(java.lang.String,java.lang.String,java.lang.String)[pri:0, instance:testCases.TC003_LoginDataDrivenTest@302fec27]" started-at="2025-04-09T13:23:22 IST" name="loginData" data-provider="LoginData" finished-at="2025-04-09T13:23:28 IST" duration-ms="5467" status="PASS">
          <params>
            <param index="0">
              <value>
                <![CDATA[lakshmi@yahoo.com]]>
              </value>
            </param>
            <param index="1">
              <value>
                <![CDATA[Laxmi]]>
              </value>
            </param>
            <param index="2">
              <value>
                <![CDATA[Valid]]>
              </value>
            </param>
          </params>
          <reporter-output>
          </reporter-output>
        </test-method> <!-- loginData -->
        <test-method signature="loginData(java.lang.String,java.lang.String,java.lang.String)[pri:0, instance:testCases.TC003_LoginDataDrivenTest@302fec27]" started-at="2025-04-09T13:23:28 IST" name="loginData" data-provider="LoginData" finished-at="2025-04-09T13:23:34 IST" duration-ms="5799" status="PASS">
          <params>
            <param index="0">
              <value>
                <![CDATA[laksh@yahoo.com]]>
              </value>
            </param>
            <param index="1">
              <value>
                <![CDATA[Lakshmi]]>
              </value>
            </param>
            <param index="2">
              <value>
                <![CDATA[Valid]]>
              </value>
            </param>
          </params>
          <reporter-output>
          </reporter-output>
        </test-method> <!-- loginData -->
        <test-method signature="loginData(java.lang.String,java.lang.String,java.lang.String)[pri:0, instance:testCases.TC003_LoginDataDrivenTest@302fec27]" started-at="2025-04-09T13:23:34 IST" name="loginData" data-provider="LoginData" finished-at="2025-04-09T13:23:43 IST" duration-ms="8921" status="FAIL">
          <params>
            <param index="0">
              <value>
                <![CDATA[laks@yahoo.com]]>
              </value>
            </param>
            <param index="1">
              <value>
                <![CDATA[xyz]]>
              </value>
            </param>
            <param index="2">
              <value>
                <![CDATA[Invalid]]>
              </value>
            </param>
          </params>
          <exception class="org.openqa.selenium.NoSuchElementException">
            <message>
              <![CDATA[no such element: Unable to locate element: {"method":"xpath","selector":"//div[@id='content']/h2[text()='My Account']"}
  (Session info: chrome=135.0.7049.42)
For documentation on this error, please visit: https://www.selenium.dev/documentation/webdriver/troubleshooting/errors#no-such-element-exception
Build info: version: '4.30.0', revision: '509c7f17cc*'
System info: os.name: 'Windows 11', os.arch: 'amd64', os.version: '10.0', java.version: '17.0.4.1'
Driver info: org.openqa.selenium.chrome.ChromeDriver
Command: [1f67c6af5ef940a16ad6477282fc3559, findElement {using=xpath, value=//div[@id='content']/h2[text()='My Account']}]
Capabilities {acceptInsecureCerts: false, browserName: chrome, browserVersion: 135.0.7049.42, chrome: {chromedriverVersion: 135.0.7049.84 (6c019e560019..., userDataDir: C:\Users\SSANTH~1\AppData\L...}, fedcm:accounts: true, goog:chromeOptions: {debuggerAddress: localhost:55229}, networkConnectionEnabled: false, pageLoadStrategy: normal, platformName: windows, proxy: Proxy(), se:cdp: ws://localhost:55229/devtoo..., se:cdpVersion: 135.0.7049.42, setWindowRect: true, strictFileInteractability: false, timeouts: {implicit: 0, pageLoad: 300000, script: 30000}, unhandledPromptBehavior: dismiss and notify, webauthn:extension:credBlob: true, webauthn:extension:largeBlob: true, webauthn:extension:minPinLength: true, webauthn:extension:prf: true, webauthn:virtualAuthenticators: true}
Session ID: 1f67c6af5ef940a16ad6477282fc3559]]>
            </message>
            <full-stacktrace>
              <![CDATA[org.openqa.selenium.NoSuchElementException: no such element: Unable to locate element: {"method":"xpath","selector":"//div[@id='content']/h2[text()='My Account']"}
  (Session info: chrome=135.0.7049.42)
For documentation on this error, please visit: https://www.selenium.dev/documentation/webdriver/troubleshooting/errors#no-such-element-exception
Build info: version: '4.30.0', revision: '509c7f17cc*'
System info: os.name: 'Windows 11', os.arch: 'amd64', os.version: '10.0', java.version: '17.0.4.1'
Driver info: org.openqa.selenium.chrome.ChromeDriver
Command: [1f67c6af5ef940a16ad6477282fc3559, findElement {using=xpath, value=//div[@id='content']/h2[text()='My Account']}]
Capabilities {acceptInsecureCerts: false, browserName: chrome, browserVersion: 135.0.7049.42, chrome: {chromedriverVersion: 135.0.7049.84 (6c019e560019..., userDataDir: C:\Users\SSANTH~1\AppData\L...}, fedcm:accounts: true, goog:chromeOptions: {debuggerAddress: localhost:55229}, networkConnectionEnabled: false, pageLoadStrategy: normal, platformName: windows, proxy: Proxy(), se:cdp: ws://localhost:55229/devtoo..., se:cdpVersion: 135.0.7049.42, setWindowRect: true, strictFileInteractability: false, timeouts: {implicit: 0, pageLoad: 300000, script: 30000}, unhandledPromptBehavior: dismiss and notify, webauthn:extension:credBlob: true, webauthn:extension:largeBlob: true, webauthn:extension:minPinLength: true, webauthn:extension:prf: true, webauthn:virtualAuthenticators: true}
Session ID: 1f67c6af5ef940a16ad6477282fc3559
at java.base/jdk.internal.reflect.NativeConstructorAccessorImpl.newInstance0(Native Method)
at java.base/jdk.internal.reflect.NativeConstructorAccessorImpl.newInstance(NativeConstructorAccessorImpl.java:77)
at java.base/jdk.internal.reflect.DelegatingConstructorAccessorImpl.newInstance(DelegatingConstructorAccessorImpl.java:45)
at java.base/java.lang.reflect.Constructor.newInstanceWithCaller(Constructor.java:499)
at java.base/java.lang.reflect.Constructor.newInstance(Constructor.java:480)
at org.openqa.selenium.remote.ErrorCodec.decode(ErrorCodec.java:167)
at org.openqa.selenium.remote.codec.w3c.W3CHttpResponseCodec.decode(W3CHttpResponseCodec.java:138)
at org.openqa.selenium.remote.codec.w3c.W3CHttpResponseCodec.decode(W3CHttpResponseCodec.java:50)
at org.openqa.selenium.remote.HttpCommandExecutor.execute(HttpCommandExecutor.java:215)
at org.openqa.selenium.remote.service.DriverCommandExecutor.invokeExecute(DriverCommandExecutor.java:216)
at org.openqa.selenium.remote.service.DriverCommandExecutor.execute(DriverCommandExecutor.java:174)
at org.openqa.selenium.remote.RemoteWebDriver.execute(RemoteWebDriver.java:545)
at org.openqa.selenium.remote.ElementLocation$ElementFinder$2.findElement(ElementLocation.java:165)
at org.openqa.selenium.remote.ElementLocation.findElement(ElementLocation.java:59)
at org.openqa.selenium.remote.RemoteWebDriver.findElement(RemoteWebDriver.java:368)
at org.openqa.selenium.remote.RemoteWebDriver.findElement(RemoteWebDriver.java:362)
at org.openqa.selenium.support.pagefactory.DefaultElementLocator.findElement(DefaultElementLocator.java:68)
at org.openqa.selenium.support.pagefactory.internal.LocatingElementHandler.invoke(LocatingElementHandler.java:38)
at jdk.proxy2/jdk.proxy2.$Proxy30.getText(Unknown Source)
at pageObjects.MyAccountPage.getAccountText(MyAccountPage.java:21)
at testCases.TC003_LoginDataDrivenTest.loginData(TC003_LoginDataDrivenTest.java:28)
at java.base/jdk.internal.reflect.NativeMethodAccessorImpl.invoke0(Native Method)
at java.base/jdk.internal.reflect.NativeMethodAccessorImpl.invoke(NativeMethodAccessorImpl.java:77)
at java.base/jdk.internal.reflect.DelegatingMethodAccessorImpl.invoke(DelegatingMethodAccessorImpl.java:43)
at java.base/java.lang.reflect.Method.invoke(Method.java:568)
at org.testng.internal.invokers.MethodInvocationHelper.invokeMethod(MethodInvocationHelper.java:141)
at org.testng.internal.invokers.TestInvoker.invokeMethod(TestInvoker.java:687)
at org.testng.internal.invokers.TestInvoker.invokeTestMethod(TestInvoker.java:230)
at org.testng.internal.invokers.MethodRunner.runInSequence(MethodRunner.java:63)
at org.testng.internal.invokers.TestInvoker$MethodInvocationAgent.invoke(TestInvoker.java:995)
at org.testng.internal.invokers.TestInvoker.invokeTestMethods(TestInvoker.java:203)
at org.testng.internal.invokers.TestMethodWorker.invokeTestMethods(TestMethodWorker.java:154)
at org.testng.internal.invokers.TestMethodWorker.run(TestMethodWorker.java:134)
at java.base/java.util.ArrayList.forEach(ArrayList.java:1511)
at org.testng.TestRunner.privateRun(TestRunner.java:741)
at org.testng.TestRunner.run(TestRunner.java:616)
at org.testng.SuiteRunner.runTest(SuiteRunner.java:421)
at org.testng.SuiteRunner.runSequentially(SuiteRunner.java:413)
at org.testng.SuiteRunner.privateRun(SuiteRunner.java:373)
at org.testng.SuiteRunner.run(SuiteRunner.java:312)
at org.testng.SuiteRunnerWorker.runSuite(SuiteRunnerWorker.java:52)
at org.testng.SuiteRunnerWorker.run(SuiteRunnerWorker.java:95)
at org.testng.TestNG.runSuitesSequentially(TestNG.java:1274)
at org.testng.TestNG.runSuitesLocally(TestNG.java:1208)
at org.testng.TestNG.runSuites(TestNG.java:1112)
at org.testng.TestNG.run(TestNG.java:1079)
at org.testng.remote.AbstractRemoteTestNG.run(AbstractRemoteTestNG.java:115)
at org.testng.remote.RemoteTestNG.initAndRun(RemoteTestNG.java:293)
at org.testng.remote.RemoteTestNG.main(RemoteTestNG.java:91)
]]>
            </full-stacktrace>
          </exception> <!-- org.openqa.selenium.NoSuchElementException -->
          <reporter-output>
          </reporter-output>
        </test-method> <!-- loginData -->
        <test-method signature="loginData(java.lang.String,java.lang.String,java.lang.String)[pri:0, instance:testCases.TC003_LoginDataDrivenTest@302fec27]" started-at="2025-04-09T13:23:44 IST" name="loginData" data-provider="LoginData" finished-at="2025-04-09T13:23:50 IST" duration-ms="6306" status="PASS">
          <params>
            <param index="0">
              <value>
                <![CDATA[testautomationsanthosh@gmail.com]]>
              </value>
            </param>
            <param index="1">
              <value>
                <![CDATA[april2025@$]]>
              </value>
            </param>
            <param index="2">
              <value>
                <![CDATA[Valid]]>
              </value>
            </param>
          </params>
          <reporter-output>
          </reporter-output>
        </test-method> <!-- loginData -->
        <test-method is-config="true" signature="tearDown()[pri:0, instance:testCases.TC003_LoginDataDrivenTest@302fec27]" started-at="2025-04-09T13:23:50 IST" name="tearDown" finished-at="2025-04-09T13:23:52 IST" duration-ms="2324" status="PASS">
          <reporter-output>
          </reporter-output>
        </test-method> <!-- tearDown -->
      </class> <!-- testCases.TC003_LoginDataDrivenTest -->
      <class name="testCases.TC001_AccountRegistrationTest">
        <test-method is-config="true" signature="setup(java.lang.String,java.lang.String)[pri:0, instance:testCases.TC001_AccountRegistrationTest@6063d80a]" started-at="2025-04-09T13:22:44 IST" name="setup" finished-at="2025-04-09T13:22:48 IST" duration-ms="4457" status="PASS">
          <params>
            <param index="0">
              <value>
                <![CDATA[chrome]]>
              </value>
            </param>
            <param index="1">
              <value>
                <![CDATA[windows]]>
              </value>
            </param>
          </params>
          <reporter-output>
          </reporter-output>
        </test-method> <!-- setup -->
        <test-method signature="verify_account_registration()[pri:1, instance:testCases.TC001_AccountRegistrationTest@6063d80a]" started-at="2025-04-09T13:22:48 IST" name="verify_account_registration" finished-at="2025-04-09T13:22:54 IST" duration-ms="6421" status="PASS">
          <reporter-output>
          </reporter-output>
        </test-method> <!-- verify_account_registration -->
        <test-method is-config="true" signature="tearDown()[pri:0, instance:testCases.TC001_AccountRegistrationTest@6063d80a]" started-at="2025-04-09T13:22:55 IST" name="tearDown" finished-at="2025-04-09T13:22:55 IST" duration-ms="450" status="PASS">
          <reporter-output>
          </reporter-output>
        </test-method> <!-- tearDown -->
      </class> <!-- testCases.TC001_AccountRegistrationTest -->
      <class name="testCases.TC002_LoginPageTest">
        <test-method is-config="true" signature="setup(java.lang.String,java.lang.String)[pri:0, instance:testCases.TC002_LoginPageTest@60cf80e7]" started-at="2025-04-09T13:22:55 IST" name="setup" finished-at="2025-04-09T13:22:59 IST" duration-ms="4145" status="PASS">
          <params>
            <param index="0">
              <value>
                <![CDATA[chrome]]>
              </value>
            </param>
            <param index="1">
              <value>
                <![CDATA[windows]]>
              </value>
            </param>
          </params>
          <reporter-output>
          </reporter-output>
        </test-method> <!-- setup -->
        <test-method signature="verify_account_registration()[pri:0, instance:testCases.TC002_LoginPageTest@60cf80e7]" started-at="2025-04-09T13:22:59 IST" name="verify_account_registration" finished-at="2025-04-09T13:23:10 IST" duration-ms="10505" status="PASS">
          <reporter-output>
          </reporter-output>
        </test-method> <!-- verify_account_registration -->
        <test-method is-config="true" signature="tearDown()[pri:0, instance:testCases.TC002_LoginPageTest@60cf80e7]" started-at="2025-04-09T13:23:10 IST" name="tearDown" finished-at="2025-04-09T13:23:10 IST" duration-ms="371" status="PASS">
          <reporter-output>
          </reporter-output>
        </test-method> <!-- tearDown -->
      </class> <!-- testCases.TC002_LoginPageTest -->
    </test> <!-- Chrome Browser Testing -->
  </suite> <!-- Master Suite Files -->
</testng-results>
